#日志级别：ERROR	 程序执行正常情况下
#无日志输出

#日志级别：INFO		 程序执行正常情况下
2013-01-24 15:49:31.7 0  INFO	起动游戏登录器
2013-01-24 15:49:31.8 0  INFO 	Account中心地址（account.9igame.com:8088）
2013-01-24 15:49:31.8 0  INFO 	Account中心IP地址（60.12.206.175）
2013-01-24 15:49:32.3 0  INFO 	客户机外网地址（203.156.230.96）
2013-01-24 15:49:32.4 0  INFO 	当前登录器版本:1.1.7	最新登录器版本:1.1.7
2013-01-24 15:49:32.5 0  INFO 	当前版本：1.0.0.7140
2013-01-24 15:49:33.1 0  INFO 	最新版本：1.2.3.8588
2013-01-24 15:51:57.8 0  INFO 	更新游戏成功，当前版本：1.2.3.8588
2013-01-24 15:51:57.8 0  INFO 	退出游戏登录器


#日志级别：INFO		 程序执行有出错情况下
2012-12-19 14:09:31.6 0  INFO 	起动游戏登录器
2012-12-19 14:09:31.6 0  FATAL 	获取登录中心地址失败
2012-12-19 14:09:31.6 0  INFO 	登录中心地址（account.9igame.com:8088）
2012-12-19 14:09:54.2 0  ERROR	更新登录器异常：connect: 由于连接方在一段时间后没有正确答复或连接的主机没有反应，连接尝试失败。
2012-12-19 14:09:54.3 0  INFO 	当前版本：1.1.13.8093
2012-12-19 14:09:54.7 0  INFO 	最新版本：1.1.13.8093
2012-12-23 14:09:54.7 0  ERROR	游戏更新失败:读取版本列表失败！
2012-12-19 14:09:54.9 0  INFO 	更新游戏成功，当前版本：1.1.13.8093
2012-12-19 14:10:55.2 0  ERROR	用户登录异常：登录中心地址DNS解析失败
2012-12-19 14:10:55.2 0  ERROR	用户登录异常：connect: 由于连接方在一段时间后没有正确答复或连接的主机没有反应，连接尝试失败。
2012-12-19 14:10:59.2 0  ERROR	用户登录异常：receive 数据时连接被对方关闭:
2012-12-19 14:11:31.6 0  INFO 	退出游戏登录器


#日志级别：DEBUG
2013-01-24 15:49:31.7 0  INFO	起动游戏登录器
2013-01-24 15:49:31.8 0  INFO 	Account中心地址（account.9igame.com:8088）
2013-01-24 15:49:31.8 0  INFO 	Account中心IP地址（60.12.206.175）
2013-01-24 15:49:32.3 0  INFO 	客户机外网地址（203.156.230.96）
2013-01-24 15:49:32.3 0  DEBUG	更新登录器
2013-01-24 15:49:32.4 0  INFO 	当前登录器版本:1.1.7	最新登录器版本:1.1.7
2013-01-24 15:49:32.4 0  DEBUG	更新游戏
2013-01-24 15:49:32.5 0  INFO 	当前版本：1.0.0.7140
2013-01-24 15:49:32.6 0  DEBUG	正在检查更新...
2013-01-24 15:49:33.1 0  INFO 	最新版本：1.2.3.8588
2013-01-24 15:49:33.1 0  DEBUG	正在下载补丁...		补丁大小：138981kb	下载速度：585kb/s
2013-01-24 15:49:33.2 0  DEBUG	下载进度：52
2013-01-24 15:49:34.1 0  DEBUG	正在下载补丁...		补丁大小：138981kb	下载速度：650kb/s
2013-01-24 15:49:34.1 0  DEBUG	下载进度：53
2013-01-24 15:49:35.1 0  DEBUG	正在下载补丁...		补丁大小：138981kb	下载速度：612kb/s
2013-01-24 15:49:35.1 0  DEBUG	下载进度：53
2013-01-24 15:49:36.1 0  DEBUG	正在下载补丁...		补丁大小：138981kb	下载速度：610kb/s
2013-01-24 15:49:36.1 0  DEBUG	下载进度：53
2013-01-24 15:49:37.1 0  DEBUG	正在下载补丁...		补丁大小：138981kb	下载速度：583kb/s
2013-01-24 15:49:37.1 0  DEBUG	下载进度：54
2013-01-24 15:49:38.1 0  DEBUG	正在下载补丁...		补丁大小：138981kb	下载速度：571kb/s
2013-01-24 15:49:38.1 0  DEBUG	下载进度：54
2013-01-24 15:49:39.1 0  DEBUG	正在下载补丁...		补丁大小：138981kb	下载速度：581kb/s
2013-01-24 15:49:39.1 0  DEBUG	下载进度：55
2013-01-24 15:49:40.1 0  DEBUG	正在下载补丁...		补丁大小：138981kb	下载速度：492kb/s
2013-01-24 15:49:40.1 0  DEBUG	下载进度：55
2013-01-24 15:49:41.1 0  DEBUG	正在下载补丁...		补丁大小：138981kb	下载速度：458kb/s
2013-01-24 15:49:41.1 0  DEBUG	下载进度：55
2013-01-24 15:49:42.1 0  DEBUG	正在下载补丁...		补丁大小：138981kb	下载速度：204kb/s
2013-01-24 15:49:42.1 0  DEBUG	下载进度：55
2013-01-24 15:49:43.1 0  DEBUG	正在下载补丁...		补丁大小：138981kb	下载速度：219kb/s
2013-01-24 15:49:43.1 0  DEBUG	下载进度：55
2013-01-24 15:49:44.1 0  DEBUG	正在下载补丁...		补丁大小：138981kb	下载速度：272kb/s
2013-01-24 15:49:44.1 0  DEBUG	下载进度：56
2013-01-24 15:49:45.1 0  DEBUG	正在下载补丁...		补丁大小：138981kb	下载速度：257kb/s
2013-01-24 15:49:45.1 0  DEBUG	下载进度：56
2013-01-24 15:49:46.1 0  DEBUG	正在下载补丁...		补丁大小：138981kb	下载速度：215kb/s
2013-01-24 15:49:46.1 0  DEBUG	下载进度：56
2013-01-24 15:49:47.1 0  DEBUG	正在下载补丁...		补丁大小：138981kb	下载速度：222kb/s
2013-01-24 15:49:47.1 0  DEBUG	下载进度：56
2013-01-24 15:49:48.1 0  DEBUG	正在下载补丁...		补丁大小：138981kb	下载速度：236kb/s
2013-01-24 15:49:48.1 0  DEBUG	下载进度：56
2013-01-24 15:49:49.1 0  DEBUG	正在下载补丁...		补丁大小：138981kb	下载速度：253kb/s
2013-01-24 15:49:49.1 0  DEBUG	下载进度：56
2013-01-24 15:49:50.2 0  DEBUG	正在下载补丁...		补丁大小：138981kb	下载速度：479kb/s
2013-01-24 15:49:50.2 0  DEBUG	下载进度：57
2013-01-24 15:49:51.2 0  DEBUG	正在下载补丁...		补丁大小：138981kb	下载速度：545kb/s
2013-01-24 15:49:51.2 0  DEBUG	下载进度：57
2013-01-24 15:49:52.2 0  DEBUG	正在下载补丁...		补丁大小：138981kb	下载速度：558kb/s
2013-01-24 15:49:52.2 0  DEBUG	下载进度：58
2013-01-24 15:49:53.2 0  DEBUG	正在下载补丁...		补丁大小：138981kb	下载速度：659kb/s
2013-01-24 15:49:53.2 0  DEBUG	下载进度：58
2013-01-24 15:49:54.2 0  DEBUG	正在下载补丁...		补丁大小：138981kb	下载速度：607kb/s
2013-01-24 15:49:54.2 0  DEBUG	下载进度：59
2013-01-24 15:49:55.2 0  DEBUG	正在下载补丁...		补丁大小：138981kb	下载速度：565kb/s
2013-01-24 15:49:55.2 0  DEBUG	下载进度：59
2013-01-24 15:49:56.2 0  DEBUG	正在下载补丁...		补丁大小：138981kb	下载速度：612kb/s
2013-01-24 15:49:56.2 0  DEBUG	下载进度：59
2013-01-24 15:49:57.2 0  DEBUG	正在下载补丁...		补丁大小：138981kb	下载速度：627kb/s
2013-01-24 15:49:57.2 0  DEBUG	下载进度：60
2013-01-24 15:49:58.2 0  DEBUG	正在下载补丁...		补丁大小：138981kb	下载速度：497kb/s
2013-01-24 15:49:58.3 0  DEBUG	下载进度：60
2013-01-24 15:49:59.2 0  DEBUG	正在下载补丁...		补丁大小：138981kb	下载速度：537kb/s
2013-01-24 15:49:59.2 0  DEBUG	下载进度：61
2013-01-24 15:50:00.2 0  DEBUG	正在下载补丁...		补丁大小：138981kb	下载速度：480kb/s
2013-01-24 15:50:00.2 0  DEBUG	下载进度：61
2013-01-24 15:50:01.2 0  DEBUG	正在下载补丁...		补丁大小：138981kb	下载速度：551kb/s
2013-01-24 15:50:01.2 0  DEBUG	下载进度：61
2013-01-24 15:50:02.2 0  DEBUG	正在下载补丁...		补丁大小：138981kb	下载速度：570kb/s
2013-01-24 15:50:02.2 0  DEBUG	下载进度：62
2013-01-24 15:50:03.2 0  DEBUG	正在下载补丁...		补丁大小：138981kb	下载速度：570kb/s
2013-01-24 15:50:03.2 0  DEBUG	下载进度：62
2013-01-24 15:50:04.2 0  DEBUG	正在下载补丁...		补丁大小：138981kb	下载速度：566kb/s
2013-01-24 15:50:04.2 0  DEBUG	下载进度：62
2013-01-24 15:50:05.2 0  DEBUG	正在下载补丁...		补丁大小：138981kb	下载速度：741kb/s
2013-01-24 15:50:05.2 0  DEBUG	下载进度：63
2013-01-24 15:50:06.2 0  DEBUG	正在下载补丁...		补丁大小：138981kb	下载速度：657kb/s
2013-01-24 15:50:06.2 0  DEBUG	下载进度：63
2013-01-24 15:50:07.2 0  DEBUG	正在下载补丁...		补丁大小：138981kb	下载速度：657kb/s
2013-01-24 15:50:07.2 0  DEBUG	下载进度：64
2013-01-24 15:50:08.3 0  DEBUG	正在下载补丁...		补丁大小：138981kb	下载速度：644kb/s
2013-01-24 15:50:08.3 0  DEBUG	下载进度：64
2013-01-24 15:50:09.3 0  DEBUG	正在下载补丁...		补丁大小：138981kb	下载速度：737kb/s
2013-01-24 15:50:09.3 0  DEBUG	下载进度：65
2013-01-24 15:50:10.3 0  DEBUG	正在下载补丁...		补丁大小：138981kb	下载速度：644kb/s
2013-01-24 15:50:10.3 0  DEBUG	下载进度：65
2013-01-24 15:50:11.3 0  DEBUG	正在下载补丁...		补丁大小：138981kb	下载速度：635kb/s
2013-01-24 15:50:11.3 0  DEBUG	下载进度：65
2013-01-24 15:50:12.3 0  DEBUG	正在下载补丁...		补丁大小：138981kb	下载速度：639kb/s
2013-01-24 15:50:12.3 0  DEBUG	下载进度：66
2013-01-24 15:50:13.3 0  DEBUG	正在下载补丁...		补丁大小：138981kb	下载速度：853kb/s
2013-01-24 15:50:13.3 0  DEBUG	下载进度：66
2013-01-24 15:50:14.3 0  DEBUG	正在下载补丁...		补丁大小：138981kb	下载速度：710kb/s
2013-01-24 15:50:14.3 0  DEBUG	下载进度：67
2013-01-24 15:50:15.3 0  DEBUG	正在下载补丁...		补丁大小：138981kb	下载速度：652kb/s
2013-01-24 15:50:15.3 0  DEBUG	下载进度：67
2013-01-24 15:50:16.3 0  DEBUG	正在下载补丁...		补丁大小：138981kb	下载速度：647kb/s
2013-01-24 15:50:16.3 0  DEBUG	下载进度：68
2013-01-24 15:50:17.3 0  DEBUG	正在下载补丁...		补丁大小：138981kb	下载速度：683kb/s
2013-01-24 15:50:17.3 0  DEBUG	下载进度：68
2013-01-24 15:50:18.3 0  DEBUG	正在下载补丁...		补丁大小：138981kb	下载速度：541kb/s
2013-01-24 15:50:18.3 0  DEBUG	下载进度：68
2013-01-24 15:50:19.3 0  DEBUG	正在下载补丁...		补丁大小：138981kb	下载速度：554kb/s
2013-01-24 15:50:19.3 0  DEBUG	下载进度：69
2013-01-24 15:50:20.3 0  DEBUG	正在下载补丁...		补丁大小：138981kb	下载速度：527kb/s
2013-01-24 15:50:20.3 0  DEBUG	下载进度：69
2013-01-24 15:50:21.3 0  DEBUG	正在下载补丁...		补丁大小：138981kb	下载速度：454kb/s
2013-01-24 15:50:21.3 0  DEBUG	下载进度：69
2013-01-24 15:50:22.3 0  DEBUG	正在下载补丁...		补丁大小：138981kb	下载速度：535kb/s
2013-01-24 15:50:22.3 0  DEBUG	下载进度：70
2013-01-24 15:50:23.3 0  DEBUG	正在下载补丁...		补丁大小：138981kb	下载速度：603kb/s
2013-01-24 15:50:23.3 0  DEBUG	下载进度：70
2013-01-24 15:50:24.3 0  DEBUG	正在下载补丁...		补丁大小：138981kb	下载速度：606kb/s
2013-01-24 15:50:24.3 0  DEBUG	下载进度：71
2013-01-24 15:50:25.4 0  DEBUG	正在下载补丁...		补丁大小：138981kb	下载速度：619kb/s
2013-01-24 15:50:25.4 0  DEBUG	下载进度：71
2013-01-24 15:50:26.4 0  DEBUG	正在下载补丁...		补丁大小：138981kb	下载速度：652kb/s
2013-01-24 15:50:26.4 0  DEBUG	下载进度：72
2013-01-24 15:50:27.4 0  DEBUG	正在下载补丁...		补丁大小：138981kb	下载速度：607kb/s
2013-01-24 15:50:27.4 0  DEBUG	下载进度：72
2013-01-24 15:50:28.4 0  DEBUG	正在下载补丁...		补丁大小：138981kb	下载速度：602kb/s
2013-01-24 15:50:28.4 0  DEBUG	下载进度：72
2013-01-24 15:50:29.4 0  DEBUG	正在下载补丁...		补丁大小：138981kb	下载速度：661kb/s
2013-01-24 15:50:29.4 0  DEBUG	下载进度：73
2013-01-24 15:50:30.4 0  DEBUG	正在下载补丁...		补丁大小：138981kb	下载速度：579kb/s
2013-01-24 15:50:30.4 0  DEBUG	下载进度：73
2013-01-24 15:50:31.4 0  DEBUG	正在下载补丁...		补丁大小：138981kb	下载速度：573kb/s
2013-01-24 15:50:31.4 0  DEBUG	下载进度：74
2013-01-24 15:50:32.4 0  DEBUG	正在下载补丁...		补丁大小：138981kb	下载速度：581kb/s
2013-01-24 15:50:32.4 0  DEBUG	下载进度：74
2013-01-24 15:50:33.4 0  DEBUG	正在下载补丁...		补丁大小：138981kb	下载速度：655kb/s
2013-01-24 15:50:33.4 0  DEBUG	下载进度：75
2013-01-24 15:50:34.4 0  DEBUG	正在下载补丁...		补丁大小：138981kb	下载速度：673kb/s
2013-01-24 15:50:34.4 0  DEBUG	下载进度：75
2013-01-24 15:50:35.4 0  DEBUG	正在下载补丁...		补丁大小：138981kb	下载速度：614kb/s
2013-01-24 15:50:35.4 0  DEBUG	下载进度：75
2013-01-24 15:50:36.4 0  DEBUG	正在下载补丁...		补丁大小：138981kb	下载速度：618kb/s
2013-01-24 15:50:36.4 0  DEBUG	下载进度：76
2013-01-24 15:50:37.4 0  DEBUG	正在下载补丁...		补丁大小：138981kb	下载速度：603kb/s
2013-01-24 15:50:37.4 0  DEBUG	下载进度：76
2013-01-24 15:50:38.4 0  DEBUG	正在下载补丁...		补丁大小：138981kb	下载速度：578kb/s
2013-01-24 15:50:38.4 0  DEBUG	下载进度：77
2013-01-24 15:50:39.4 0  DEBUG	正在下载补丁...		补丁大小：138981kb	下载速度：619kb/s
2013-01-24 15:50:39.4 0  DEBUG	下载进度：77
2013-01-24 15:50:40.4 0  DEBUG	正在下载补丁...		补丁大小：138981kb	下载速度：617kb/s
2013-01-24 15:50:40.4 0  DEBUG	下载进度：78
2013-01-24 15:50:41.4 0  DEBUG	正在下载补丁...		补丁大小：138981kb	下载速度：629kb/s
2013-01-24 15:50:41.4 0  DEBUG	下载进度：78
2013-01-24 15:50:42.4 0  DEBUG	正在下载补丁...		补丁大小：138981kb	下载速度：649kb/s
2013-01-24 15:50:42.4 0  DEBUG	下载进度：79
2013-01-24 15:50:43.5 0  DEBUG	正在下载补丁...		补丁大小：138981kb	下载速度：667kb/s
2013-01-24 15:50:43.5 0  DEBUG	下载进度：79
2013-01-24 15:50:44.5 0  DEBUG	正在下载补丁...		补丁大小：138981kb	下载速度：643kb/s
2013-01-24 15:50:44.5 0  DEBUG	下载进度：80
2013-01-24 15:50:45.5 0  DEBUG	正在下载补丁...		补丁大小：138981kb	下载速度：710kb/s
2013-01-24 15:50:45.5 0  DEBUG	下载进度：80
2013-01-24 15:50:46.5 0  DEBUG	正在下载补丁...		补丁大小：138981kb	下载速度：623kb/s
2013-01-24 15:50:46.5 0  DEBUG	下载进度：80
2013-01-24 15:50:47.5 0  DEBUG	正在下载补丁...		补丁大小：138981kb	下载速度：636kb/s
2013-01-24 15:50:47.5 0  DEBUG	下载进度：81
2013-01-24 15:50:48.5 0  DEBUG	正在下载补丁...		补丁大小：138981kb	下载速度：640kb/s
2013-01-24 15:50:48.5 0  DEBUG	下载进度：81
2013-01-24 15:50:49.5 0  DEBUG	正在下载补丁...		补丁大小：138981kb	下载速度：361kb/s
2013-01-24 15:50:49.5 0  DEBUG	下载进度：82
2013-01-24 15:50:50.5 0  DEBUG	正在下载补丁...		补丁大小：138981kb	下载速度：633kb/s
2013-01-24 15:50:50.5 0  DEBUG	下载进度：82
2013-01-24 15:50:51.5 0  DEBUG	正在下载补丁...		补丁大小：138981kb	下载速度：678kb/s
2013-01-24 15:50:51.5 0  DEBUG	下载进度：83
2013-01-24 15:50:52.5 0  DEBUG	正在下载补丁...		补丁大小：138981kb	下载速度：648kb/s
2013-01-24 15:50:52.5 0  DEBUG	下载进度：83
2013-01-24 15:50:53.5 0  DEBUG	正在下载补丁...		补丁大小：138981kb	下载速度：615kb/s
2013-01-24 15:50:53.5 0  DEBUG	下载进度：84
2013-01-24 15:50:54.5 0  DEBUG	正在下载补丁...		补丁大小：138981kb	下载速度：445kb/s
2013-01-24 15:50:54.5 0  DEBUG	下载进度：84
2013-01-24 15:50:55.5 0  DEBUG	正在下载补丁...		补丁大小：138981kb	下载速度：514kb/s
2013-01-24 15:50:55.5 0  DEBUG	下载进度：84
2013-01-24 15:50:56.5 0  DEBUG	正在下载补丁...		补丁大小：138981kb	下载速度：482kb/s
2013-01-24 15:50:56.5 0  DEBUG	下载进度：85
2013-01-24 15:50:57.5 0  DEBUG	正在下载补丁...		补丁大小：138981kb	下载速度：309kb/s
2013-01-24 15:50:57.5 0  DEBUG	下载进度：85
2013-01-24 15:50:58.5 0  DEBUG	正在下载补丁...		补丁大小：138981kb	下载速度：519kb/s
2013-01-24 15:50:58.5 0  DEBUG	下载进度：85
2013-01-24 15:50:59.5 0  DEBUG	正在下载补丁...		补丁大小：138981kb	下载速度：554kb/s
2013-01-24 15:50:59.5 0  DEBUG	下载进度：86
2013-01-24 15:51:00.6 0  DEBUG	正在下载补丁...		补丁大小：138981kb	下载速度：509kb/s
2013-01-24 15:51:00.6 0  DEBUG	下载进度：86
2013-01-24 15:51:01.6 0  DEBUG	正在下载补丁...		补丁大小：138981kb	下载速度：516kb/s
2013-01-24 15:51:01.6 0  DEBUG	下载进度：86
2013-01-24 15:51:02.6 0  DEBUG	正在下载补丁...		补丁大小：138981kb	下载速度：508kb/s
2013-01-24 15:51:02.6 0  DEBUG	下载进度：87
2013-01-24 15:51:03.6 0  DEBUG	正在下载补丁...		补丁大小：138981kb	下载速度：453kb/s
2013-01-24 15:51:03.6 0  DEBUG	下载进度：87
2013-01-24 15:51:04.6 0  DEBUG	正在下载补丁...		补丁大小：138981kb	下载速度：497kb/s
2013-01-24 15:51:04.6 0  DEBUG	下载进度：88
2013-01-24 15:51:05.6 0  DEBUG	正在下载补丁...		补丁大小：138981kb	下载速度：392kb/s
2013-01-24 15:51:05.6 0  DEBUG	下载进度：88
2013-01-24 15:51:06.6 0  DEBUG	正在下载补丁...		补丁大小：138981kb	下载速度：491kb/s
2013-01-24 15:51:06.6 0  DEBUG	下载进度：88
2013-01-24 15:51:07.6 0  DEBUG	正在下载补丁...		补丁大小：138981kb	下载速度：446kb/s
2013-01-24 15:51:07.6 0  DEBUG	下载进度：88
2013-01-24 15:51:08.6 0  DEBUG	正在下载补丁...		补丁大小：138981kb	下载速度：517kb/s
2013-01-24 15:51:08.6 0  DEBUG	下载进度：89
2013-01-24 15:51:09.6 0  DEBUG	正在下载补丁...		补丁大小：138981kb	下载速度：453kb/s
2013-01-24 15:51:09.6 0  DEBUG	下载进度：89
2013-01-24 15:51:10.6 0  DEBUG	正在下载补丁...		补丁大小：138981kb	下载速度：593kb/s
2013-01-24 15:51:10.6 0  DEBUG	下载进度：90
2013-01-24 15:51:11.6 0  DEBUG	正在下载补丁...		补丁大小：138981kb	下载速度：518kb/s
2013-01-24 15:51:11.6 0  DEBUG	下载进度：90
2013-01-24 15:51:12.6 0  DEBUG	正在下载补丁...		补丁大小：138981kb	下载速度：566kb/s
2013-01-24 15:51:12.6 0  DEBUG	下载进度：91
2013-01-24 15:51:13.6 0  DEBUG	正在下载补丁...		补丁大小：138981kb	下载速度：311kb/s
2013-01-24 15:51:13.6 0  DEBUG	下载进度：91
2013-01-24 15:51:14.6 0  DEBUG	正在下载补丁...		补丁大小：138981kb	下载速度：587kb/s
2013-01-24 15:51:14.6 0  DEBUG	下载进度：91
2013-01-24 15:51:15.6 0  DEBUG	正在下载补丁...		补丁大小：138981kb	下载速度：558kb/s
2013-01-24 15:51:15.6 0  DEBUG	下载进度：92
2013-01-24 15:51:16.6 0  DEBUG	正在下载补丁...		补丁大小：138981kb	下载速度：579kb/s
2013-01-24 15:51:16.6 0  DEBUG	下载进度：92
2013-01-24 15:51:17.7 0  DEBUG	正在下载补丁...		补丁大小：138981kb	下载速度：724kb/s
2013-01-24 15:51:17.7 0  DEBUG	下载进度：93
2013-01-24 15:51:18.7 0  DEBUG	正在下载补丁...		补丁大小：138981kb	下载速度：578kb/s
2013-01-24 15:51:18.7 0  DEBUG	下载进度：93
2013-01-24 15:51:19.7 0  DEBUG	正在下载补丁...		补丁大小：138981kb	下载速度：587kb/s
2013-01-24 15:51:19.7 0  DEBUG	下载进度：94
2013-01-24 15:51:20.7 0  DEBUG	正在下载补丁...		补丁大小：138981kb	下载速度：562kb/s
2013-01-24 15:51:20.7 0  DEBUG	下载进度：94
2013-01-24 15:51:21.7 0  DEBUG	正在下载补丁...		补丁大小：138981kb	下载速度：407kb/s
2013-01-24 15:51:21.7 0  DEBUG	下载进度：94
2013-01-24 15:51:22.7 0  DEBUG	正在下载补丁...		补丁大小：138981kb	下载速度：206kb/s
2013-01-24 15:51:22.8 0  DEBUG	下载进度：94
2013-01-24 15:51:23.7 0  DEBUG	正在下载补丁...		补丁大小：138981kb	下载速度：304kb/s
2013-01-24 15:51:23.7 0  DEBUG	下载进度：95
2013-01-24 15:51:24.7 0  DEBUG	正在下载补丁...		补丁大小：138981kb	下载速度：264kb/s
2013-01-24 15:51:24.7 0  DEBUG	下载进度：95
2013-01-24 15:51:25.7 0  DEBUG	正在下载补丁...		补丁大小：138981kb	下载速度：469kb/s
2013-01-24 15:51:25.7 0  DEBUG	下载进度：95
2013-01-24 15:51:26.7 0  DEBUG	正在下载补丁...		补丁大小：138981kb	下载速度：601kb/s
2013-01-24 15:51:26.7 0  DEBUG	下载进度：96
2013-01-24 15:51:27.7 0  DEBUG	正在下载补丁...		补丁大小：138981kb	下载速度：429kb/s
2013-01-24 15:51:27.7 0  DEBUG	下载进度：96
2013-01-24 15:51:28.7 0  DEBUG	正在下载补丁...		补丁大小：138981kb	下载速度：312kb/s
2013-01-24 15:51:28.7 0  DEBUG	下载进度：96
2013-01-24 15:51:29.7 0  DEBUG	正在下载补丁...		补丁大小：138981kb	下载速度：167kb/s
2013-01-24 15:51:29.7 0  DEBUG	下载进度：96
2013-01-24 15:51:30.7 0  DEBUG	正在下载补丁...		补丁大小：138981kb	下载速度：194kb/s
2013-01-24 15:51:30.7 0  DEBUG	下载进度：96
2013-01-24 15:51:31.7 0  DEBUG	正在下载补丁...		补丁大小：138981kb	下载速度：403kb/s
2013-01-24 15:51:31.7 0  DEBUG	下载进度：96
2013-01-24 15:51:32.7 0  DEBUG	正在下载补丁...		补丁大小：138981kb	下载速度：389kb/s
2013-01-24 15:51:32.7 0  DEBUG	下载进度：97
2013-01-24 15:51:33.7 0  DEBUG	正在下载补丁...		补丁大小：138981kb	下载速度：708kb/s
2013-01-24 15:51:33.7 0  DEBUG	下载进度：97
2013-01-24 15:51:34.7 0  DEBUG	正在下载补丁...		补丁大小：138981kb	下载速度：511kb/s
2013-01-24 15:51:34.7 0  DEBUG	下载进度：97
2013-01-24 15:51:35.8 0  DEBUG	正在下载补丁...		补丁大小：138981kb	下载速度：451kb/s
2013-01-24 15:51:35.8 0  DEBUG	下载进度：98
2013-01-24 15:51:36.8 0  DEBUG	正在下载补丁...		补丁大小：138981kb	下载速度：424kb/s
2013-01-24 15:51:36.8 0  DEBUG	下载进度：98
2013-01-24 15:51:37.8 0  DEBUG	正在下载补丁...		补丁大小：138981kb	下载速度：567kb/s
2013-01-24 15:51:37.8 0  DEBUG	下载进度：98
2013-01-24 15:51:38.8 0  DEBUG	正在下载补丁...		补丁大小：138981kb	下载速度：271kb/s
2013-01-24 15:51:38.8 0  DEBUG	下载进度：99
2013-01-24 15:51:39.8 0  DEBUG	正在下载补丁...		补丁大小：138981kb	下载速度：208kb/s
2013-01-24 15:51:39.8 0  DEBUG	下载进度：99
2013-01-24 15:51:40.8 0  DEBUG	正在下载补丁...		补丁大小：138981kb	下载速度：178kb/s
2013-01-24 15:51:40.8 0  DEBUG	下载进度：99
2013-01-24 15:51:41.8 0  DEBUG	正在下载补丁...		补丁大小：138981kb	下载速度：673kb/s
2013-01-24 15:51:41.8 0  DEBUG	下载进度：99
2013-01-24 15:51:42.5 0  DEBUG	正在应用补丁...
2013-01-24 15:51:43.5 0  DEBUG	正在应用补丁...
2013-01-24 15:51:44.5 0  DEBUG	正在应用补丁...
2013-01-24 15:51:45.5 0  DEBUG	正在应用补丁...
2013-01-24 15:51:46.5 0  DEBUG	正在应用补丁...
2013-01-24 15:51:47.5 0  DEBUG	正在应用补丁...
2013-01-24 15:51:48.5 0  DEBUG	正在应用补丁...
2013-01-24 15:51:49.5 0  DEBUG	正在应用补丁...
2013-01-24 15:51:50.5 0  DEBUG	正在应用补丁...
2013-01-24 15:51:51.5 0  DEBUG	正在应用补丁...
2013-01-24 15:51:52.6 0  DEBUG	正在应用补丁...
2013-01-24 15:51:57.8 0  INFO 	更新游戏成功，当前版本：1.2.3.8588
2013-01-24 15:51:57.8 0  INFO 	退出游戏登录器
